<?xml version="1.0" encoding="UTF-8"?>
<!-- Generated by org.testng.reporters.JUnitReportReporter -->
<testsuite skipped="0" hostname="BlueBird" name="testcases.LoginValidation" tests="1" failures="0" timestamp="20 Oct 2018 07:49:50 GMT" time="17.890" errors="0">
  <testcase name="testUserLogin" time="17.890" classname="testcases.LoginValidation"/>
</testsuite> <!-- testcases.LoginValidation -->
